2019-02-22 17:02:35.001  INFO 35396 --- [main] com.wzy.SystemApplication                : Starting SystemApplication on DESKTOP-CCMRSC7 with PID 35396 (F:\googledownload\SpringBoot01\target\classes started by 19666 in F:\googledownload\SpringBoot01)
2019-02-22 17:02:35.004 DEBUG 35396 --- [main] com.wzy.SystemApplication                : Running with Spring Boot v2.1.1.RELEASE, Spring v5.1.3.RELEASE
2019-02-22 17:02:35.006  INFO 35396 --- [main] com.wzy.SystemApplication                : No active profile set, falling back to default profiles: default
2019-02-22 17:02:35.668  INFO 35396 --- [main] .s.d.r.c.RepositoryConfigurationDelegate : Multiple Spring Data modules found, entering strict repository configuration mode!
2019-02-22 17:02:35.678  INFO 35396 --- [main] .s.d.r.c.RepositoryConfigurationDelegate : Bootstrapping Spring Data repositories in DEFAULT mode.
2019-02-22 17:02:35.710  INFO 35396 --- [main] .s.d.r.c.RepositoryConfigurationDelegate : Finished Spring Data repository scanning in 16ms. Found 0 repository interfaces.
2019-02-22 17:02:36.064  INFO 35396 --- [main] trationDelegate$BeanPostProcessorChecker : Bean 'org.springframework.transaction.annotation.ProxyTransactionManagementConfiguration' of type [org.springframework.transaction.annotation.ProxyTransactionManagementConfiguration$$EnhancerBySpringCGLIB$$8b566c3c] is not eligible for getting processed by all BeanPostProcessors (for example: not eligible for auto-proxying)
2019-02-22 17:02:36.391  INFO 35396 --- [main] o.s.b.w.embedded.tomcat.TomcatWebServer  : Tomcat initialized with port(s): 8085 (http)
2019-02-22 17:02:36.408  INFO 35396 --- [main] o.apache.catalina.core.StandardService   : Starting service [Tomcat]
2019-02-22 17:02:36.409  INFO 35396 --- [main] org.apache.catalina.core.StandardEngine  : Starting Servlet Engine: Apache Tomcat/9.0.13
2019-02-22 17:02:36.414  INFO 35396 --- [main] o.a.catalina.core.AprLifecycleListener   : The APR based Apache Tomcat Native library which allows optimal performance in production environments was not found on the java.library.path: [C:\Program Files (x86)\Java\jdk1.8.0_144\bin;C:\WINDOWS\Sun\Java\bin;C:\WINDOWS\system32;C:\WINDOWS;C:\Program Files (x86)\Common Files\Oracle\Java\javapath;C:\ProgramData\Oracle\Java\javapath;C:\Program Files (x86)\Intel\Intel(R) Management Engine Components\iCLS\;C:\Program Files\Intel\Intel(R) Management Engine Components\iCLS\;C:\Windows\system32;C:\Windows;C:\Windows\System32\Wbem;C:\Windows\System32\WindowsPowerShell\v1.0\;C:\Program Files (x86)\Intel\Intel(R) Management Engine Components\DAL;C:\Program Files\Intel\Intel(R) Management Engine Components\DAL;C:\Program Files (x86)\Intel\Intel(R) Management Engine Components\IPT;C:\Program Files\Intel\Intel(R) Management Engine Components\IPT;C:\Program Files (x86)\NVIDIA Corporation\PhysX\Common;D:\Program Files\Java\jdk1.8.0_161\bin;C:\Program Files\MySQL\MySQL Server 5.5\bin;D:\Program Files\Java\jdk1.8.0_161\jre\bin;D:\gradle\gradle-4.3\bin;D:\svn\bin;D:\node\;C:\WINDOWS\system32;C:\WINDOWS;C:\WINDOWS\System32\Wbem;C:\WINDOWS\System32\WindowsPowerShell\v1.0\;C:\WINDOWS\System32\OpenSSH\;C:\Program Files\Intel\WiFi\bin\;C:\Program Files\Common Files\Intel\WirelessCommon\;D:\Microsoft VS Code\Microsoft VS Code\bin;D:\Git\bin;C:\Users\19666\AppData\Local\Microsoft\WindowsApps;C:\Users\19666\AppData\Roaming\npm;;.]
2019-02-22 17:02:36.699  INFO 35396 --- [main] org.apache.jasper.servlet.TldScanner     : At least one JAR was scanned for TLDs yet contained no TLDs. Enable debug logging for this logger for a complete list of JARs that were scanned but no TLDs were found in them. Skipping unneeded JARs during scanning can improve startup time and JSP compilation time.
2019-02-22 17:02:36.703  INFO 35396 --- [main] o.a.c.c.C.[Tomcat].[localhost].[/wzy]    : Initializing Spring embedded WebApplicationContext
2019-02-22 17:02:36.703  INFO 35396 --- [main] o.s.web.context.ContextLoader            : Root WebApplicationContext: initialization completed in 1641 ms
2019-02-22 17:02:37.022  INFO 35396 --- [main] com.alibaba.druid.pool.DruidDataSource   : {dataSource-1} inited
2019-02-22 17:02:37.701  INFO 35396 --- [main] o.s.s.concurrent.ThreadPoolTaskExecutor  : Initializing ExecutorService 'applicationTaskExecutor'
2019-02-22 17:02:37.859  INFO 35396 --- [main] o.s.b.a.w.s.WelcomePageHandlerMapping    : Adding welcome page: class path resource [static/index.html]
2019-02-22 17:02:38.223  INFO 35396 --- [main] o.s.b.w.embedded.tomcat.TomcatWebServer  : Tomcat started on port(s): 8085 (http) with context path '/wzy'
2019-02-22 17:02:38.225  INFO 35396 --- [main] com.wzy.SystemApplication                : Started SystemApplication in 3.775 seconds (JVM running for 4.787)
2019-02-22 17:05:43.023  INFO 37704 --- [main] com.wzy.SystemApplication                : Starting SystemApplication on DESKTOP-CCMRSC7 with PID 37704 (F:\googledownload\SpringBoot01\target\classes started by 19666 in F:\googledownload\SpringBoot01)
2019-02-22 17:05:43.027 DEBUG 37704 --- [main] com.wzy.SystemApplication                : Running with Spring Boot v2.1.1.RELEASE, Spring v5.1.3.RELEASE
2019-02-22 17:05:43.029  INFO 37704 --- [main] com.wzy.SystemApplication                : No active profile set, falling back to default profiles: default
2019-02-22 17:05:43.690  INFO 37704 --- [main] .s.d.r.c.RepositoryConfigurationDelegate : Multiple Spring Data modules found, entering strict repository configuration mode!
2019-02-22 17:05:43.698  INFO 37704 --- [main] .s.d.r.c.RepositoryConfigurationDelegate : Bootstrapping Spring Data repositories in DEFAULT mode.
2019-02-22 17:05:43.722  INFO 37704 --- [main] .s.d.r.c.RepositoryConfigurationDelegate : Finished Spring Data repository scanning in 14ms. Found 0 repository interfaces.
2019-02-22 17:05:44.085  INFO 37704 --- [main] trationDelegate$BeanPostProcessorChecker : Bean 'org.springframework.transaction.annotation.ProxyTransactionManagementConfiguration' of type [org.springframework.transaction.annotation.ProxyTransactionManagementConfiguration$$EnhancerBySpringCGLIB$$7b18bcae] is not eligible for getting processed by all BeanPostProcessors (for example: not eligible for auto-proxying)
2019-02-22 17:05:44.401  INFO 37704 --- [main] o.s.b.w.embedded.tomcat.TomcatWebServer  : Tomcat initialized with port(s): 8085 (http)
2019-02-22 17:05:44.425  INFO 37704 --- [main] o.apache.catalina.core.StandardService   : Starting service [Tomcat]
2019-02-22 17:05:44.425  INFO 37704 --- [main] org.apache.catalina.core.StandardEngine  : Starting Servlet Engine: Apache Tomcat/9.0.13
2019-02-22 17:05:44.432  INFO 37704 --- [main] o.a.catalina.core.AprLifecycleListener   : The APR based Apache Tomcat Native library which allows optimal performance in production environments was not found on the java.library.path: [C:\Program Files (x86)\Java\jdk1.8.0_144\bin;C:\WINDOWS\Sun\Java\bin;C:\WINDOWS\system32;C:\WINDOWS;C:\Program Files (x86)\Common Files\Oracle\Java\javapath;C:\ProgramData\Oracle\Java\javapath;C:\Program Files (x86)\Intel\Intel(R) Management Engine Components\iCLS\;C:\Program Files\Intel\Intel(R) Management Engine Components\iCLS\;C:\Windows\system32;C:\Windows;C:\Windows\System32\Wbem;C:\Windows\System32\WindowsPowerShell\v1.0\;C:\Program Files (x86)\Intel\Intel(R) Management Engine Components\DAL;C:\Program Files\Intel\Intel(R) Management Engine Components\DAL;C:\Program Files (x86)\Intel\Intel(R) Management Engine Components\IPT;C:\Program Files\Intel\Intel(R) Management Engine Components\IPT;C:\Program Files (x86)\NVIDIA Corporation\PhysX\Common;D:\Program Files\Java\jdk1.8.0_161\bin;C:\Program Files\MySQL\MySQL Server 5.5\bin;D:\Program Files\Java\jdk1.8.0_161\jre\bin;D:\gradle\gradle-4.3\bin;D:\svn\bin;D:\node\;C:\WINDOWS\system32;C:\WINDOWS;C:\WINDOWS\System32\Wbem;C:\WINDOWS\System32\WindowsPowerShell\v1.0\;C:\WINDOWS\System32\OpenSSH\;C:\Program Files\Intel\WiFi\bin\;C:\Program Files\Common Files\Intel\WirelessCommon\;D:\Microsoft VS Code\Microsoft VS Code\bin;D:\Git\bin;C:\Users\19666\AppData\Local\Microsoft\WindowsApps;C:\Users\19666\AppData\Roaming\npm;;.]
2019-02-22 17:05:44.705  INFO 37704 --- [main] org.apache.jasper.servlet.TldScanner     : At least one JAR was scanned for TLDs yet contained no TLDs. Enable debug logging for this logger for a complete list of JARs that were scanned but no TLDs were found in them. Skipping unneeded JARs during scanning can improve startup time and JSP compilation time.
2019-02-22 17:05:44.708  INFO 37704 --- [main] o.a.c.c.C.[Tomcat].[localhost].[/wzy]    : Initializing Spring embedded WebApplicationContext
2019-02-22 17:05:44.708  INFO 37704 --- [main] o.s.web.context.ContextLoader            : Root WebApplicationContext: initialization completed in 1623 ms
2019-02-22 17:05:45.018  INFO 37704 --- [main] com.alibaba.druid.pool.DruidDataSource   : {dataSource-1} inited
2019-02-22 17:05:45.669  INFO 37704 --- [main] o.s.s.concurrent.ThreadPoolTaskExecutor  : Initializing ExecutorService 'applicationTaskExecutor'
2019-02-22 17:05:45.802  INFO 37704 --- [main] o.s.b.a.w.s.WelcomePageHandlerMapping    : Adding welcome page: class path resource [static/index.html]
2019-02-22 17:05:46.181  INFO 37704 --- [main] o.s.b.w.embedded.tomcat.TomcatWebServer  : Tomcat started on port(s): 8085 (http) with context path '/wzy'
2019-02-22 17:05:46.184  INFO 37704 --- [main] com.wzy.SystemApplication                : Started SystemApplication in 3.658 seconds (JVM running for 4.702)
2019-02-22 17:07:23.738  INFO 25480 --- [main] com.wzy.SystemApplication                : Starting SystemApplication on DESKTOP-CCMRSC7 with PID 25480 (F:\googledownload\SpringBoot01\target\classes started by 19666 in F:\googledownload\SpringBoot01)
2019-02-22 17:07:23.740 DEBUG 25480 --- [main] com.wzy.SystemApplication                : Running with Spring Boot v2.1.1.RELEASE, Spring v5.1.3.RELEASE
2019-02-22 17:07:23.742  INFO 25480 --- [main] com.wzy.SystemApplication                : No active profile set, falling back to default profiles: default
2019-02-22 17:07:24.402  INFO 25480 --- [main] .s.d.r.c.RepositoryConfigurationDelegate : Multiple Spring Data modules found, entering strict repository configuration mode!
2019-02-22 17:07:24.404  INFO 25480 --- [main] .s.d.r.c.RepositoryConfigurationDelegate : Bootstrapping Spring Data repositories in DEFAULT mode.
2019-02-22 17:07:24.435  INFO 25480 --- [main] .s.d.r.c.RepositoryConfigurationDelegate : Finished Spring Data repository scanning in 15ms. Found 0 repository interfaces.
2019-02-22 17:07:24.803  INFO 25480 --- [main] trationDelegate$BeanPostProcessorChecker : Bean 'org.springframework.transaction.annotation.ProxyTransactionManagementConfiguration' of type [org.springframework.transaction.annotation.ProxyTransactionManagementConfiguration$$EnhancerBySpringCGLIB$$5554c8ee] is not eligible for getting processed by all BeanPostProcessors (for example: not eligible for auto-proxying)
2019-02-22 17:07:25.148  INFO 25480 --- [main] o.s.b.w.embedded.tomcat.TomcatWebServer  : Tomcat initialized with port(s): 8085 (http)
2019-02-22 17:07:25.170  INFO 25480 --- [main] o.apache.catalina.core.StandardService   : Starting service [Tomcat]
2019-02-22 17:07:25.170  INFO 25480 --- [main] org.apache.catalina.core.StandardEngine  : Starting Servlet Engine: Apache Tomcat/9.0.13
2019-02-22 17:07:25.177  INFO 25480 --- [main] o.a.catalina.core.AprLifecycleListener   : The APR based Apache Tomcat Native library which allows optimal performance in production environments was not found on the java.library.path: [C:\Program Files (x86)\Java\jdk1.8.0_144\bin;C:\WINDOWS\Sun\Java\bin;C:\WINDOWS\system32;C:\WINDOWS;C:\Program Files (x86)\Common Files\Oracle\Java\javapath;C:\ProgramData\Oracle\Java\javapath;C:\Program Files (x86)\Intel\Intel(R) Management Engine Components\iCLS\;C:\Program Files\Intel\Intel(R) Management Engine Components\iCLS\;C:\Windows\system32;C:\Windows;C:\Windows\System32\Wbem;C:\Windows\System32\WindowsPowerShell\v1.0\;C:\Program Files (x86)\Intel\Intel(R) Management Engine Components\DAL;C:\Program Files\Intel\Intel(R) Management Engine Components\DAL;C:\Program Files (x86)\Intel\Intel(R) Management Engine Components\IPT;C:\Program Files\Intel\Intel(R) Management Engine Components\IPT;C:\Program Files (x86)\NVIDIA Corporation\PhysX\Common;D:\Program Files\Java\jdk1.8.0_161\bin;C:\Program Files\MySQL\MySQL Server 5.5\bin;D:\Program Files\Java\jdk1.8.0_161\jre\bin;D:\gradle\gradle-4.3\bin;D:\svn\bin;D:\node\;C:\WINDOWS\system32;C:\WINDOWS;C:\WINDOWS\System32\Wbem;C:\WINDOWS\System32\WindowsPowerShell\v1.0\;C:\WINDOWS\System32\OpenSSH\;C:\Program Files\Intel\WiFi\bin\;C:\Program Files\Common Files\Intel\WirelessCommon\;D:\Microsoft VS Code\Microsoft VS Code\bin;D:\Git\bin;C:\Users\19666\AppData\Local\Microsoft\WindowsApps;C:\Users\19666\AppData\Roaming\npm;;.]
2019-02-22 17:07:25.536  INFO 25480 --- [main] org.apache.jasper.servlet.TldScanner     : At least one JAR was scanned for TLDs yet contained no TLDs. Enable debug logging for this logger for a complete list of JARs that were scanned but no TLDs were found in them. Skipping unneeded JARs during scanning can improve startup time and JSP compilation time.
2019-02-22 17:07:25.540  INFO 25480 --- [main] o.a.c.c.C.[Tomcat].[localhost].[/wzy]    : Initializing Spring embedded WebApplicationContext
2019-02-22 17:07:25.540  INFO 25480 --- [main] o.s.web.context.ContextLoader            : Root WebApplicationContext: initialization completed in 1744 ms
2019-02-22 17:07:25.857  INFO 25480 --- [main] com.alibaba.druid.pool.DruidDataSource   : {dataSource-1} inited
2019-02-22 17:07:26.489  INFO 25480 --- [main] o.s.s.concurrent.ThreadPoolTaskExecutor  : Initializing ExecutorService 'applicationTaskExecutor'
2019-02-22 17:07:26.641  INFO 25480 --- [main] o.s.b.a.w.s.WelcomePageHandlerMapping    : Adding welcome page: class path resource [static/index.html]
2019-02-22 17:07:26.984  INFO 25480 --- [main] o.s.b.w.embedded.tomcat.TomcatWebServer  : Tomcat started on port(s): 8085 (http) with context path '/wzy'
2019-02-22 17:07:26.986  INFO 25480 --- [main] com.wzy.SystemApplication                : Started SystemApplication in 3.757 seconds (JVM running for 4.718)
2019-02-22 17:11:32.673  INFO 7648 --- [main] com.wzy.SystemApplication                : Starting SystemApplication on DESKTOP-CCMRSC7 with PID 7648 (F:\googledownload\SpringBoot01\target\classes started by 19666 in F:\googledownload\SpringBoot01)
2019-02-22 17:11:32.676 DEBUG 7648 --- [main] com.wzy.SystemApplication                : Running with Spring Boot v2.1.1.RELEASE, Spring v5.1.3.RELEASE
2019-02-22 17:11:32.678  INFO 7648 --- [main] com.wzy.SystemApplication                : No active profile set, falling back to default profiles: default
2019-02-22 17:11:33.377  INFO 7648 --- [main] .s.d.r.c.RepositoryConfigurationDelegate : Multiple Spring Data modules found, entering strict repository configuration mode!
2019-02-22 17:11:33.385  INFO 7648 --- [main] .s.d.r.c.RepositoryConfigurationDelegate : Bootstrapping Spring Data repositories in DEFAULT mode.
2019-02-22 17:11:33.412  INFO 7648 --- [main] .s.d.r.c.RepositoryConfigurationDelegate : Finished Spring Data repository scanning in 15ms. Found 0 repository interfaces.
2019-02-22 17:11:33.790  INFO 7648 --- [main] trationDelegate$BeanPostProcessorChecker : Bean 'org.springframework.transaction.annotation.ProxyTransactionManagementConfiguration' of type [org.springframework.transaction.annotation.ProxyTransactionManagementConfiguration$$EnhancerBySpringCGLIB$$fcd1527b] is not eligible for getting processed by all BeanPostProcessors (for example: not eligible for auto-proxying)
2019-02-22 17:11:34.121  INFO 7648 --- [main] o.s.b.w.embedded.tomcat.TomcatWebServer  : Tomcat initialized with port(s): 8085 (http)
2019-02-22 17:11:34.145  INFO 7648 --- [main] o.apache.catalina.core.StandardService   : Starting service [Tomcat]
2019-02-22 17:11:34.145  INFO 7648 --- [main] org.apache.catalina.core.StandardEngine  : Starting Servlet Engine: Apache Tomcat/9.0.13
2019-02-22 17:11:34.152  INFO 7648 --- [main] o.a.catalina.core.AprLifecycleListener   : The APR based Apache Tomcat Native library which allows optimal performance in production environments was not found on the java.library.path: [C:\Program Files (x86)\Java\jdk1.8.0_144\bin;C:\WINDOWS\Sun\Java\bin;C:\WINDOWS\system32;C:\WINDOWS;C:\Program Files (x86)\Common Files\Oracle\Java\javapath;C:\ProgramData\Oracle\Java\javapath;C:\Program Files (x86)\Intel\Intel(R) Management Engine Components\iCLS\;C:\Program Files\Intel\Intel(R) Management Engine Components\iCLS\;C:\Windows\system32;C:\Windows;C:\Windows\System32\Wbem;C:\Windows\System32\WindowsPowerShell\v1.0\;C:\Program Files (x86)\Intel\Intel(R) Management Engine Components\DAL;C:\Program Files\Intel\Intel(R) Management Engine Components\DAL;C:\Program Files (x86)\Intel\Intel(R) Management Engine Components\IPT;C:\Program Files\Intel\Intel(R) Management Engine Components\IPT;C:\Program Files (x86)\NVIDIA Corporation\PhysX\Common;D:\Program Files\Java\jdk1.8.0_161\bin;C:\Program Files\MySQL\MySQL Server 5.5\bin;D:\Program Files\Java\jdk1.8.0_161\jre\bin;D:\gradle\gradle-4.3\bin;D:\svn\bin;D:\node\;C:\WINDOWS\system32;C:\WINDOWS;C:\WINDOWS\System32\Wbem;C:\WINDOWS\System32\WindowsPowerShell\v1.0\;C:\WINDOWS\System32\OpenSSH\;C:\Program Files\Intel\WiFi\bin\;C:\Program Files\Common Files\Intel\WirelessCommon\;D:\Microsoft VS Code\Microsoft VS Code\bin;D:\Git\bin;C:\Users\19666\AppData\Local\Microsoft\WindowsApps;C:\Users\19666\AppData\Roaming\npm;;.]
2019-02-22 17:11:34.427  INFO 7648 --- [main] org.apache.jasper.servlet.TldScanner     : At least one JAR was scanned for TLDs yet contained no TLDs. Enable debug logging for this logger for a complete list of JARs that were scanned but no TLDs were found in them. Skipping unneeded JARs during scanning can improve startup time and JSP compilation time.
2019-02-22 17:11:34.431  INFO 7648 --- [main] o.a.c.c.C.[Tomcat].[localhost].[/wzy]    : Initializing Spring embedded WebApplicationContext
2019-02-22 17:11:34.431  INFO 7648 --- [main] o.s.web.context.ContextLoader            : Root WebApplicationContext: initialization completed in 1690 ms
2019-02-22 17:11:34.754  INFO 7648 --- [main] com.alibaba.druid.pool.DruidDataSource   : {dataSource-1} inited
2019-02-22 17:11:35.475  INFO 7648 --- [main] o.s.s.concurrent.ThreadPoolTaskExecutor  : Initializing ExecutorService 'applicationTaskExecutor'
2019-02-22 17:11:35.645  INFO 7648 --- [main] o.s.b.a.w.s.WelcomePageHandlerMapping    : Adding welcome page: class path resource [static/index.html]
2019-02-22 17:11:35.994  INFO 7648 --- [main] o.s.b.w.embedded.tomcat.TomcatWebServer  : Tomcat started on port(s): 8085 (http) with context path '/wzy'
2019-02-22 17:11:35.996  INFO 7648 --- [main] com.wzy.SystemApplication                : Started SystemApplication in 3.839 seconds (JVM running for 4.877)
2019-02-22 17:12:22.249  INFO 36576 --- [main] com.wzy.SystemApplication                : Starting SystemApplication on DESKTOP-CCMRSC7 with PID 36576 (F:\googledownload\SpringBoot01\target\classes started by 19666 in F:\googledownload\SpringBoot01)
2019-02-22 17:12:22.252 DEBUG 36576 --- [main] com.wzy.SystemApplication                : Running with Spring Boot v2.1.1.RELEASE, Spring v5.1.3.RELEASE
2019-02-22 17:12:22.254  INFO 36576 --- [main] com.wzy.SystemApplication                : No active profile set, falling back to default profiles: default
2019-02-22 17:12:22.992  INFO 36576 --- [main] .s.d.r.c.RepositoryConfigurationDelegate : Multiple Spring Data modules found, entering strict repository configuration mode!
2019-02-22 17:12:22.999  INFO 36576 --- [main] .s.d.r.c.RepositoryConfigurationDelegate : Bootstrapping Spring Data repositories in DEFAULT mode.
2019-02-22 17:12:23.026  INFO 36576 --- [main] .s.d.r.c.RepositoryConfigurationDelegate : Finished Spring Data repository scanning in 15ms. Found 0 repository interfaces.
2019-02-22 17:12:23.403  INFO 36576 --- [main] trationDelegate$BeanPostProcessorChecker : Bean 'org.springframework.transaction.annotation.ProxyTransactionManagementConfiguration' of type [org.springframework.transaction.annotation.ProxyTransactionManagementConfiguration$$EnhancerBySpringCGLIB$$7dd8a5b9] is not eligible for getting processed by all BeanPostProcessors (for example: not eligible for auto-proxying)
2019-02-22 17:12:23.758  INFO 36576 --- [main] o.s.b.w.embedded.tomcat.TomcatWebServer  : Tomcat initialized with port(s): 8085 (http)
2019-02-22 17:12:23.777  INFO 36576 --- [main] o.apache.catalina.core.StandardService   : Starting service [Tomcat]
2019-02-22 17:12:23.777  INFO 36576 --- [main] org.apache.catalina.core.StandardEngine  : Starting Servlet Engine: Apache Tomcat/9.0.13
2019-02-22 17:12:23.782  INFO 36576 --- [main] o.a.catalina.core.AprLifecycleListener   : The APR based Apache Tomcat Native library which allows optimal performance in production environments was not found on the java.library.path: [C:\Program Files (x86)\Java\jdk1.8.0_144\bin;C:\WINDOWS\Sun\Java\bin;C:\WINDOWS\system32;C:\WINDOWS;C:\Program Files (x86)\Common Files\Oracle\Java\javapath;C:\ProgramData\Oracle\Java\javapath;C:\Program Files (x86)\Intel\Intel(R) Management Engine Components\iCLS\;C:\Program Files\Intel\Intel(R) Management Engine Components\iCLS\;C:\Windows\system32;C:\Windows;C:\Windows\System32\Wbem;C:\Windows\System32\WindowsPowerShell\v1.0\;C:\Program Files (x86)\Intel\Intel(R) Management Engine Components\DAL;C:\Program Files\Intel\Intel(R) Management Engine Components\DAL;C:\Program Files (x86)\Intel\Intel(R) Management Engine Components\IPT;C:\Program Files\Intel\Intel(R) Management Engine Components\IPT;C:\Program Files (x86)\NVIDIA Corporation\PhysX\Common;D:\Program Files\Java\jdk1.8.0_161\bin;C:\Program Files\MySQL\MySQL Server 5.5\bin;D:\Program Files\Java\jdk1.8.0_161\jre\bin;D:\gradle\gradle-4.3\bin;D:\svn\bin;D:\node\;C:\WINDOWS\system32;C:\WINDOWS;C:\WINDOWS\System32\Wbem;C:\WINDOWS\System32\WindowsPowerShell\v1.0\;C:\WINDOWS\System32\OpenSSH\;C:\Program Files\Intel\WiFi\bin\;C:\Program Files\Common Files\Intel\WirelessCommon\;D:\Microsoft VS Code\Microsoft VS Code\bin;D:\Git\bin;C:\Users\19666\AppData\Local\Microsoft\WindowsApps;C:\Users\19666\AppData\Roaming\npm;;.]
2019-02-22 17:12:24.063  INFO 36576 --- [main] org.apache.jasper.servlet.TldScanner     : At least one JAR was scanned for TLDs yet contained no TLDs. Enable debug logging for this logger for a complete list of JARs that were scanned but no TLDs were found in them. Skipping unneeded JARs during scanning can improve startup time and JSP compilation time.
2019-02-22 17:12:24.068  INFO 36576 --- [main] o.a.c.c.C.[Tomcat].[localhost].[/wzy]    : Initializing Spring embedded WebApplicationContext
2019-02-22 17:12:24.069  INFO 36576 --- [main] o.s.web.context.ContextLoader            : Root WebApplicationContext: initialization completed in 1759 ms
2019-02-22 17:12:24.384  INFO 36576 --- [main] com.alibaba.druid.pool.DruidDataSource   : {dataSource-1} inited
2019-02-22 17:12:25.048  INFO 36576 --- [main] o.s.s.concurrent.ThreadPoolTaskExecutor  : Initializing ExecutorService 'applicationTaskExecutor'
2019-02-22 17:12:25.202  INFO 36576 --- [main] o.s.b.a.w.s.WelcomePageHandlerMapping    : Adding welcome page: class path resource [static/index.html]
2019-02-22 17:12:25.549  INFO 36576 --- [main] o.s.b.w.embedded.tomcat.TomcatWebServer  : Tomcat started on port(s): 8085 (http) with context path '/wzy'
2019-02-22 17:12:25.551  INFO 36576 --- [main] com.wzy.SystemApplication                : Started SystemApplication in 3.819 seconds (JVM running for 4.903)
2019-02-22 17:16:13.402  INFO 13936 --- [main] com.wzy.SystemApplication                : Starting SystemApplication on DESKTOP-CCMRSC7 with PID 13936 (F:\googledownload\SpringBoot01\target\classes started by 19666 in F:\googledownload\SpringBoot01)
2019-02-22 17:16:13.406 DEBUG 13936 --- [main] com.wzy.SystemApplication                : Running with Spring Boot v2.1.1.RELEASE, Spring v5.1.3.RELEASE
2019-02-22 17:16:13.408  INFO 13936 --- [main] com.wzy.SystemApplication                : No active profile set, falling back to default profiles: default
2019-02-22 17:16:14.107  INFO 13936 --- [main] .s.d.r.c.RepositoryConfigurationDelegate : Multiple Spring Data modules found, entering strict repository configuration mode!
2019-02-22 17:16:14.109  INFO 13936 --- [main] .s.d.r.c.RepositoryConfigurationDelegate : Bootstrapping Spring Data repositories in DEFAULT mode.
2019-02-22 17:16:14.140  INFO 13936 --- [main] .s.d.r.c.RepositoryConfigurationDelegate : Finished Spring Data repository scanning in 15ms. Found 0 repository interfaces.
2019-02-22 17:16:14.497  INFO 13936 --- [main] trationDelegate$BeanPostProcessorChecker : Bean 'org.springframework.transaction.annotation.ProxyTransactionManagementConfiguration' of type [org.springframework.transaction.annotation.ProxyTransactionManagementConfiguration$$EnhancerBySpringCGLIB$$7b6bad7f] is not eligible for getting processed by all BeanPostProcessors (for example: not eligible for auto-proxying)
2019-02-22 17:16:14.828  INFO 13936 --- [main] o.s.b.w.embedded.tomcat.TomcatWebServer  : Tomcat initialized with port(s): 8085 (http)
2019-02-22 17:16:14.846  INFO 13936 --- [main] o.apache.catalina.core.StandardService   : Starting service [Tomcat]
2019-02-22 17:16:14.846  INFO 13936 --- [main] org.apache.catalina.core.StandardEngine  : Starting Servlet Engine: Apache Tomcat/9.0.13
2019-02-22 17:16:14.852  INFO 13936 --- [main] o.a.catalina.core.AprLifecycleListener   : The APR based Apache Tomcat Native library which allows optimal performance in production environments was not found on the java.library.path: [C:\Program Files (x86)\Java\jdk1.8.0_144\bin;C:\WINDOWS\Sun\Java\bin;C:\WINDOWS\system32;C:\WINDOWS;C:\Program Files (x86)\Common Files\Oracle\Java\javapath;C:\ProgramData\Oracle\Java\javapath;C:\Program Files (x86)\Intel\Intel(R) Management Engine Components\iCLS\;C:\Program Files\Intel\Intel(R) Management Engine Components\iCLS\;C:\Windows\system32;C:\Windows;C:\Windows\System32\Wbem;C:\Windows\System32\WindowsPowerShell\v1.0\;C:\Program Files (x86)\Intel\Intel(R) Management Engine Components\DAL;C:\Program Files\Intel\Intel(R) Management Engine Components\DAL;C:\Program Files (x86)\Intel\Intel(R) Management Engine Components\IPT;C:\Program Files\Intel\Intel(R) Management Engine Components\IPT;C:\Program Files (x86)\NVIDIA Corporation\PhysX\Common;D:\Program Files\Java\jdk1.8.0_161\bin;C:\Program Files\MySQL\MySQL Server 5.5\bin;D:\Program Files\Java\jdk1.8.0_161\jre\bin;D:\gradle\gradle-4.3\bin;D:\svn\bin;D:\node\;C:\WINDOWS\system32;C:\WINDOWS;C:\WINDOWS\System32\Wbem;C:\WINDOWS\System32\WindowsPowerShell\v1.0\;C:\WINDOWS\System32\OpenSSH\;C:\Program Files\Intel\WiFi\bin\;C:\Program Files\Common Files\Intel\WirelessCommon\;D:\Microsoft VS Code\Microsoft VS Code\bin;D:\Git\bin;C:\Users\19666\AppData\Local\Microsoft\WindowsApps;C:\Users\19666\AppData\Roaming\npm;;.]
2019-02-22 17:16:15.127  INFO 13936 --- [main] org.apache.jasper.servlet.TldScanner     : At least one JAR was scanned for TLDs yet contained no TLDs. Enable debug logging for this logger for a complete list of JARs that were scanned but no TLDs were found in them. Skipping unneeded JARs during scanning can improve startup time and JSP compilation time.
2019-02-22 17:16:15.131  INFO 13936 --- [main] o.a.c.c.C.[Tomcat].[localhost].[/wzy]    : Initializing Spring embedded WebApplicationContext
2019-02-22 17:16:15.131  INFO 13936 --- [main] o.s.web.context.ContextLoader            : Root WebApplicationContext: initialization completed in 1637 ms
2019-02-22 17:16:15.436  INFO 13936 --- [main] com.alibaba.druid.pool.DruidDataSource   : {dataSource-1} inited
2019-02-22 17:16:16.131  INFO 13936 --- [main] o.s.s.concurrent.ThreadPoolTaskExecutor  : Initializing ExecutorService 'applicationTaskExecutor'
2019-02-22 17:16:16.290  INFO 13936 --- [main] o.s.b.a.w.s.WelcomePageHandlerMapping    : Adding welcome page: class path resource [static/index.html]
2019-02-22 17:16:16.735  INFO 13936 --- [main] o.s.b.w.embedded.tomcat.TomcatWebServer  : Tomcat started on port(s): 8085 (http) with context path '/wzy'
2019-02-22 17:16:16.739  INFO 13936 --- [main] com.wzy.SystemApplication                : Started SystemApplication in 3.984 seconds (JVM running for 5.293)
2019-02-22 17:22:06.054  INFO 32284 --- [main] com.wzy.SystemApplication                : Starting SystemApplication on DESKTOP-CCMRSC7 with PID 32284 (F:\googledownload\SpringBoot01\target\classes started by 19666 in F:\googledownload\SpringBoot01)
2019-02-22 17:22:06.057 DEBUG 32284 --- [main] com.wzy.SystemApplication                : Running with Spring Boot v2.1.1.RELEASE, Spring v5.1.3.RELEASE
2019-02-22 17:22:06.058  INFO 32284 --- [main] com.wzy.SystemApplication                : No active profile set, falling back to default profiles: default
2019-02-22 17:22:06.739  INFO 32284 --- [main] .s.d.r.c.RepositoryConfigurationDelegate : Multiple Spring Data modules found, entering strict repository configuration mode!
2019-02-22 17:22:06.741  INFO 32284 --- [main] .s.d.r.c.RepositoryConfigurationDelegate : Bootstrapping Spring Data repositories in DEFAULT mode.
2019-02-22 17:22:06.771  INFO 32284 --- [main] .s.d.r.c.RepositoryConfigurationDelegate : Finished Spring Data repository scanning in 13ms. Found 0 repository interfaces.
2019-02-22 17:22:07.161  INFO 32284 --- [main] trationDelegate$BeanPostProcessorChecker : Bean 'org.springframework.transaction.annotation.ProxyTransactionManagementConfiguration' of type [org.springframework.transaction.annotation.ProxyTransactionManagementConfiguration$$EnhancerBySpringCGLIB$$aeaa2a96] is not eligible for getting processed by all BeanPostProcessors (for example: not eligible for auto-proxying)
2019-02-22 17:22:07.505  INFO 32284 --- [main] o.s.b.w.embedded.tomcat.TomcatWebServer  : Tomcat initialized with port(s): 8085 (http)
2019-02-22 17:22:07.536  INFO 32284 --- [main] o.apache.catalina.core.StandardService   : Starting service [Tomcat]
2019-02-22 17:22:07.536  INFO 32284 --- [main] org.apache.catalina.core.StandardEngine  : Starting Servlet Engine: Apache Tomcat/9.0.13
2019-02-22 17:22:07.544  INFO 32284 --- [main] o.a.catalina.core.AprLifecycleListener   : The APR based Apache Tomcat Native library which allows optimal performance in production environments was not found on the java.library.path: [C:\Program Files (x86)\Java\jdk1.8.0_144\bin;C:\WINDOWS\Sun\Java\bin;C:\WINDOWS\system32;C:\WINDOWS;C:\Program Files (x86)\Common Files\Oracle\Java\javapath;C:\ProgramData\Oracle\Java\javapath;C:\Program Files (x86)\Intel\Intel(R) Management Engine Components\iCLS\;C:\Program Files\Intel\Intel(R) Management Engine Components\iCLS\;C:\Windows\system32;C:\Windows;C:\Windows\System32\Wbem;C:\Windows\System32\WindowsPowerShell\v1.0\;C:\Program Files (x86)\Intel\Intel(R) Management Engine Components\DAL;C:\Program Files\Intel\Intel(R) Management Engine Components\DAL;C:\Program Files (x86)\Intel\Intel(R) Management Engine Components\IPT;C:\Program Files\Intel\Intel(R) Management Engine Components\IPT;C:\Program Files (x86)\NVIDIA Corporation\PhysX\Common;D:\Program Files\Java\jdk1.8.0_161\bin;C:\Program Files\MySQL\MySQL Server 5.5\bin;D:\Program Files\Java\jdk1.8.0_161\jre\bin;D:\gradle\gradle-4.3\bin;D:\svn\bin;D:\node\;C:\WINDOWS\system32;C:\WINDOWS;C:\WINDOWS\System32\Wbem;C:\WINDOWS\System32\WindowsPowerShell\v1.0\;C:\WINDOWS\System32\OpenSSH\;C:\Program Files\Intel\WiFi\bin\;C:\Program Files\Common Files\Intel\WirelessCommon\;D:\Microsoft VS Code\Microsoft VS Code\bin;D:\Git\bin;C:\Users\19666\AppData\Local\Microsoft\WindowsApps;C:\Users\19666\AppData\Roaming\npm;;.]
2019-02-22 17:22:07.818  INFO 32284 --- [main] org.apache.jasper.servlet.TldScanner     : At least one JAR was scanned for TLDs yet contained no TLDs. Enable debug logging for this logger for a complete list of JARs that were scanned but no TLDs were found in them. Skipping unneeded JARs during scanning can improve startup time and JSP compilation time.
2019-02-22 17:22:07.822  INFO 32284 --- [main] o.a.c.c.C.[Tomcat].[localhost].[/wzy]    : Initializing Spring embedded WebApplicationContext
2019-02-22 17:22:07.822  INFO 32284 --- [main] o.s.web.context.ContextLoader            : Root WebApplicationContext: initialization completed in 1711 ms
2019-02-22 17:22:08.168  INFO 32284 --- [main] com.alibaba.druid.pool.DruidDataSource   : {dataSource-1} inited
2019-02-22 17:22:08.845  INFO 32284 --- [main] o.s.s.concurrent.ThreadPoolTaskExecutor  : Initializing ExecutorService 'applicationTaskExecutor'
2019-02-22 17:22:09.002  INFO 32284 --- [main] o.s.b.a.w.s.WelcomePageHandlerMapping    : Adding welcome page: class path resource [static/index.html]
2019-02-22 17:22:09.365  INFO 32284 --- [main] o.s.b.w.embedded.tomcat.TomcatWebServer  : Tomcat started on port(s): 8085 (http) with context path '/wzy'
2019-02-22 17:22:09.368  INFO 32284 --- [main] com.wzy.SystemApplication                : Started SystemApplication in 3.805 seconds (JVM running for 5.025)
2019-02-22 17:26:47.233  INFO 31104 --- [main] com.wzy.SystemApplication                : Starting SystemApplication on DESKTOP-CCMRSC7 with PID 31104 (F:\googledownload\SpringBoot01\target\classes started by 19666 in F:\googledownload\SpringBoot01)
2019-02-22 17:26:47.236 DEBUG 31104 --- [main] com.wzy.SystemApplication                : Running with Spring Boot v2.1.1.RELEASE, Spring v5.1.3.RELEASE
2019-02-22 17:26:47.237  INFO 31104 --- [main] com.wzy.SystemApplication                : No active profile set, falling back to default profiles: default
2019-02-22 17:26:47.946  INFO 31104 --- [main] .s.d.r.c.RepositoryConfigurationDelegate : Multiple Spring Data modules found, entering strict repository configuration mode!
2019-02-22 17:26:47.948  INFO 31104 --- [main] .s.d.r.c.RepositoryConfigurationDelegate : Bootstrapping Spring Data repositories in DEFAULT mode.
2019-02-22 17:26:47.982  INFO 31104 --- [main] .s.d.r.c.RepositoryConfigurationDelegate : Finished Spring Data repository scanning in 14ms. Found 0 repository interfaces.
2019-02-22 17:26:48.372  INFO 31104 --- [main] trationDelegate$BeanPostProcessorChecker : Bean 'org.springframework.transaction.annotation.ProxyTransactionManagementConfiguration' of type [org.springframework.transaction.annotation.ProxyTransactionManagementConfiguration$$EnhancerBySpringCGLIB$$eaabb9d8] is not eligible for getting processed by all BeanPostProcessors (for example: not eligible for auto-proxying)
2019-02-22 17:26:48.715  INFO 31104 --- [main] o.s.b.w.embedded.tomcat.TomcatWebServer  : Tomcat initialized with port(s): 8085 (http)
2019-02-22 17:26:48.741  INFO 31104 --- [main] o.apache.catalina.core.StandardService   : Starting service [Tomcat]
2019-02-22 17:26:48.742  INFO 31104 --- [main] org.apache.catalina.core.StandardEngine  : Starting Servlet Engine: Apache Tomcat/9.0.13
2019-02-22 17:26:48.747  INFO 31104 --- [main] o.a.catalina.core.AprLifecycleListener   : The APR based Apache Tomcat Native library which allows optimal performance in production environments was not found on the java.library.path: [C:\Program Files (x86)\Java\jdk1.8.0_144\bin;C:\WINDOWS\Sun\Java\bin;C:\WINDOWS\system32;C:\WINDOWS;C:\Program Files (x86)\Common Files\Oracle\Java\javapath;C:\ProgramData\Oracle\Java\javapath;C:\Program Files (x86)\Intel\Intel(R) Management Engine Components\iCLS\;C:\Program Files\Intel\Intel(R) Management Engine Components\iCLS\;C:\Windows\system32;C:\Windows;C:\Windows\System32\Wbem;C:\Windows\System32\WindowsPowerShell\v1.0\;C:\Program Files (x86)\Intel\Intel(R) Management Engine Components\DAL;C:\Program Files\Intel\Intel(R) Management Engine Components\DAL;C:\Program Files (x86)\Intel\Intel(R) Management Engine Components\IPT;C:\Program Files\Intel\Intel(R) Management Engine Components\IPT;C:\Program Files (x86)\NVIDIA Corporation\PhysX\Common;D:\Program Files\Java\jdk1.8.0_161\bin;C:\Program Files\MySQL\MySQL Server 5.5\bin;D:\Program Files\Java\jdk1.8.0_161\jre\bin;D:\gradle\gradle-4.3\bin;D:\svn\bin;D:\node\;C:\WINDOWS\system32;C:\WINDOWS;C:\WINDOWS\System32\Wbem;C:\WINDOWS\System32\WindowsPowerShell\v1.0\;C:\WINDOWS\System32\OpenSSH\;C:\Program Files\Intel\WiFi\bin\;C:\Program Files\Common Files\Intel\WirelessCommon\;D:\Microsoft VS Code\Microsoft VS Code\bin;D:\Git\bin;C:\Users\19666\AppData\Local\Microsoft\WindowsApps;C:\Users\19666\AppData\Roaming\npm;;.]
2019-02-22 17:26:49.007  INFO 31104 --- [main] org.apache.jasper.servlet.TldScanner     : At least one JAR was scanned for TLDs yet contained no TLDs. Enable debug logging for this logger for a complete list of JARs that were scanned but no TLDs were found in them. Skipping unneeded JARs during scanning can improve startup time and JSP compilation time.
2019-02-22 17:26:49.010  INFO 31104 --- [main] o.a.c.c.C.[Tomcat].[localhost].[/wzy]    : Initializing Spring embedded WebApplicationContext
2019-02-22 17:26:49.011  INFO 31104 --- [main] o.s.web.context.ContextLoader            : Root WebApplicationContext: initialization completed in 1717 ms
2019-02-22 17:26:49.384  INFO 31104 --- [main] com.alibaba.druid.pool.DruidDataSource   : {dataSource-1} inited
2019-02-22 17:26:50.184  INFO 31104 --- [main] o.s.s.concurrent.ThreadPoolTaskExecutor  : Initializing ExecutorService 'applicationTaskExecutor'
2019-02-22 17:26:50.359  INFO 31104 --- [main] o.s.b.a.w.s.WelcomePageHandlerMapping    : Adding welcome page: class path resource [static/index.html]
2019-02-22 17:26:50.724  INFO 31104 --- [main] o.s.b.w.embedded.tomcat.TomcatWebServer  : Tomcat started on port(s): 8085 (http) with context path '/wzy'
2019-02-22 17:26:50.726  INFO 31104 --- [main] com.wzy.SystemApplication                : Started SystemApplication in 4.028 seconds (JVM running for 5.088)
